<?xml version="1.0" encoding="UTF-8"?>
<testsuite xmlns:xsi="http://www.w3.org/2001/XMLSchema-instance" xsi:schemaLocation="https://maven.apache.org/surefire/maven-surefire-plugin/xsd/surefire-test-report.xsd" name="RationalTests" time="0.084" tests="33" errors="0" skipped="0" failures="0">
  <properties>
    <property name="java.runtime.name" value="OpenJDK Runtime Environment"/>
    <property name="java.vm.version" value="18.0.1+0"/>
    <property name="sun.boot.library.path" value="/usr/local/Cellar/openjdk/18.0.1/libexec/openjdk.jdk/Contents/Home/lib"/>
    <property name="maven.multiModuleProjectDirectory" value="/Users/prolizzie/IdeaProjects/RationalTests"/>
    <property name="java.vm.vendor" value="Homebrew"/>
    <property name="java.vendor.url" value="https://github.com/Homebrew/homebrew-core/issues"/>
    <property name="guice.disable.misplaced.annotation.check" value="true"/>
    <property name="path.separator" value=":"/>
    <property name="java.vm.name" value="OpenJDK 64-Bit Server VM"/>
    <property name="user.country" value="RU"/>
    <property name="sun.java.launcher" value="SUN_STANDARD"/>
    <property name="test" value="RationalTests"/>
    <property name="java.vm.specification.name" value="Java Virtual Machine Specification"/>
    <property name="user.dir" value="/Users/prolizzie/IdeaProjects/RationalTests"/>
    <property name="java.vm.compressedOopsMode" value="Zero based"/>
    <property name="java.runtime.version" value="18.0.1+0"/>
    <property name="os.arch" value="x86_64"/>
    <property name="java.io.tmpdir" value="/var/folders/6m/lqlw1bs54yx0j0s14mkd4rs80000gn/T/"/>
    <property name="line.separator" value="&#10;"/>
    <property name="java.vm.specification.vendor" value="Oracle Corporation"/>
    <property name="os.name" value="Mac OS X"/>
    <property name="classworlds.conf" value="/usr/local/Cellar/maven/3.8.5/libexec/bin/m2.conf"/>
    <property name="sun.jnu.encoding" value="UTF-8"/>
    <property name="java.library.path" value="/Users/prolizzie/Library/Java/Extensions:/Library/Java/Extensions:/Network/Library/Java/Extensions:/System/Library/Java/Extensions:/usr/lib/java:."/>
    <property name="maven.conf" value="/usr/local/Cellar/maven/3.8.5/libexec/conf"/>
    <property name="jdk.debug" value="release"/>
    <property name="java.class.version" value="62.0"/>
    <property name="java.specification.name" value="Java Platform API Specification"/>
    <property name="sun.management.compiler" value="HotSpot 64-Bit Tiered Compilers"/>
    <property name="os.version" value="12.3.1"/>
    <property name="library.jansi.path" value="/usr/local/Cellar/maven/3.8.5/libexec/lib/jansi-native"/>
    <property name="http.nonProxyHosts" value="local|*.local|169.254/16|*.169.254/16"/>
    <property name="user.home" value="/Users/prolizzie"/>
    <property name="user.timezone" value="Asia/Yekaterinburg"/>
    <property name="file.encoding" value="UTF-8"/>
    <property name="java.specification.version" value="18"/>
    <property name="user.name" value="prolizzie"/>
    <property name="java.class.path" value="/usr/local/Cellar/maven/3.8.5/libexec/boot/plexus-classworlds-2.6.0.jar"/>
    <property name="java.vm.specification.version" value="18"/>
    <property name="sun.arch.data.model" value="64"/>
    <property name="sun.java.command" value="org.codehaus.plexus.classworlds.launcher.Launcher -Dtest=RationalTests test"/>
    <property name="java.home" value="/usr/local/Cellar/openjdk/18.0.1/libexec/openjdk.jdk/Contents/Home"/>
    <property name="apple.awt.application.name" value="Launcher"/>
    <property name="user.language" value="ru"/>
    <property name="java.specification.vendor" value="Oracle Corporation"/>
    <property name="java.vm.info" value="mixed mode, sharing"/>
    <property name="java.version" value="18.0.1"/>
    <property name="native.encoding" value="UTF-8"/>
    <property name="java.vendor" value="Homebrew"/>
    <property name="sun.stderr.encoding" value="UTF-8"/>
    <property name="maven.home" value="/usr/local/Cellar/maven/3.8.5/libexec"/>
    <property name="file.separator" value="/"/>
    <property name="java.version.date" value="2022-04-19"/>
    <property name="java.vendor.url.bug" value="https://github.com/Homebrew/homebrew-core/issues"/>
    <property name="sun.io.unicode.encoding" value="UnicodeBig"/>
    <property name="sun.cpu.endian" value="little"/>
    <property name="java.vendor.version" value="Homebrew"/>
    <property name="sun.stdout.encoding" value="UTF-8"/>
    <property name="socksNonProxyHosts" value="local|*.local|169.254/16|*.169.254/16"/>
    <property name="ftp.nonProxyHosts" value="local|*.local|169.254/16|*.169.254/16"/>
  </properties>
  <testcase name="testLess(3, 7, 3, 51, false) [0]" classname="RationalTests$CompareTests" time="0.011"/>
  <testcase name="testLess(2, 9, 4, 9, true) [1]" classname="RationalTests$CompareTests" time="0"/>
  <testcase name="testLess(-7, 57, 1, 2, false) [2]" classname="RationalTests$CompareTests" time="0"/>
  <testcase name="testLess(465, 7987, 1321, 1348, true) [3]" classname="RationalTests$CompareTests" time="0"/>
  <testcase name="testLess(-79, 4554, -82, 45, false) [4]" classname="RationalTests$CompareTests" time="0"/>
  <testcase name="testEquals(1, 2, 30, 60, true) [0]" classname="RationalTests$CompareTests" time="0.001"/>
  <testcase name="testEquals(78, 80, 4, 7, false) [1]" classname="RationalTests$CompareTests" time="0"/>
  <testcase name="testEquals(-46, 100, -23, 50, true) [2]" classname="RationalTests$CompareTests" time="0"/>
  <testcase name="testEquals(-7, 9, -3, -9, false) [3]" classname="RationalTests$CompareTests" time="0"/>
  <testcase name="testLessOrEqual(1, 2, 30, 60, true) [0]" classname="RationalTests$CompareTests" time="0.001"/>
  <testcase name="testLessOrEqual(78, 80, 4, 7, true) [1]" classname="RationalTests$CompareTests" time="0"/>
  <testcase name="testLessOrEqual(-46, 100, -23, 50, true) [2]" classname="RationalTests$CompareTests" time="0"/>
  <testcase name="testLessOrEqual(-7, 9, -3, -9, false) [3]" classname="RationalTests$CompareTests" time="0"/>
  <testcase name="testLessOrEqual(3, 7, 3, 51, false) [4]" classname="RationalTests$CompareTests" time="0"/>
  <testcase name="testLessOrEqual(-79, 4554, -82, 45, false) [5]" classname="RationalTests$CompareTests" time="0"/>
  <testcase name="testSum(64, 70, 8, 9, 568, 315) [0]" classname="RationalTests$ActionsTests" time="0.003"/>
  <testcase name="testSum(5, 7, -8, 10, -3, 35) [1]" classname="RationalTests$ActionsTests" time="0"/>
  <testcase name="testSum(-1, 45, -9, 61, -466, 2745) [2]" classname="RationalTests$ActionsTests" time="0"/>
  <testcase name="testDivide(64, 70, 8, 9, 36, 35) [0]" classname="RationalTests$ActionsTests" time="0"/>
  <testcase name="testDivide(5, 7, -8, 10, -25, 28) [1]" classname="RationalTests$ActionsTests" time="0"/>
  <testcase name="testDivide(-1, 45, -9, 61, 61, 405) [2]" classname="RationalTests$ActionsTests" time="0"/>
  <testcase name="testMultiply(64, 70, 8, 9, 256, 315) [0]" classname="RationalTests$ActionsTests" time="0"/>
  <testcase name="testMultiply(5, 7, -8, 10, -4, 7) [1]" classname="RationalTests$ActionsTests" time="0"/>
  <testcase name="testMultiply(-1, 45, -9, 61, 1, 305) [2]" classname="RationalTests$ActionsTests" time="0"/>
  <testcase name="testSubtraction(64, 70, 8, 9, 8, 315) [0]" classname="RationalTests$ActionsTests" time="0"/>
  <testcase name="testSubtraction(16, 80, 1, 15, 2, 15) [1]" classname="RationalTests$ActionsTests" time="0"/>
  <testcase name="testSubtraction(5, 7, -8, 10, 53, 35) [2]" classname="RationalTests$ActionsTests" time="0"/>
  <testcase name="testSubtraction(-8, 10, 5, 7, -53, 35) [3]" classname="RationalTests$ActionsTests" time="0"/>
  <testcase name="testSubtraction(-9, 61, -1, 45, -344, 2745) [4]" classname="RationalTests$ActionsTests" time="0"/>
  <testcase name="testSubtraction(-2, 3, -19, 20, 17, 60) [5]" classname="RationalTests$ActionsTests" time="0"/>
  <testcase name="testReduceRational" classname="RationalTests$BasicRationalsTests" time="0.001"/>
  <testcase name="testMinusFirstPosition" classname="RationalTests$BasicRationalsTests" time="0"/>
  <testcase name="testDenominatorIsZero" classname="RationalTests$BasicRationalsTests" time="0"/>
</testsuite>